
> @bob-obringer/components@1.0.0 build /Users/bobringer/work/bob-obringer/obringer-net/packages/components
> pnpm rollup:build


> @bob-obringer/components@1.0.0 rollup:build /Users/bobringer/work/bob-obringer/obringer-net/packages/components
> rollup -c

[36m
[1m./themes/oc-theme.css[22m → [1mdist/oc-theme.css[22m...[39m
[1m[33m(!) The emitted file "oc-theme.css" overwrites a previously emitted file of the same name.[39m[22m
[32mcreated [1mdist/oc-theme.css[22m in [1m426ms[22m[39m
[36m
[1m./themes/oc-light-mode.css[22m → [1mdist/oc-light-mode.css[22m...[39m
[1m[33m(!) The emitted file "oc-light-mode.css" overwrites a previously emitted file of the same name.[39m[22m
[32mcreated [1mdist/oc-light-mode.css[22m in [1m32ms[22m[39m
[36m
[1m./themes/oc-dark-mode.css[22m → [1mdist/oc-dark-mode.css[22m...[39m
[1m[33m(!) The emitted file "oc-dark-mode.css" overwrites a previously emitted file of the same name.[39m[22m
[32mcreated [1mdist/oc-dark-mode.css[22m in [1m24ms[22m[39m
[36m
[1m./src/index.ts[22m → [1mdist[22m...[39m
[1m[33m(!) Module level directives cause errors when bundled, "use client" in "src/SearchField/SearchField.tsx" was ignored.[39m[22m
[1msrc/SearchField/SearchField.tsx (1:0)[22m
[90m1: "use client";
   ^
2: 
3: import { useSearchFieldState } from "react-stately";[39m
[1m[33m(!) Circular dependency[39m[22m
../../node_modules/.pnpm/@react-aria+i18n@3.6.3_react@18.2.0/node_modules/@react-aria/i18n/dist/module.js -> ../../node_modules/.pnpm/@react-aria+i18n@3.6.3_react@18.2.0/node_modules/@react-aria/i18n/dist/useMessageFormatter.module.js -> ../../node_modules/.pnpm/@react-aria+i18n@3.6.3_react@18.2.0/node_modules/@react-aria/i18n/dist/module.js
[32mcreated [1mdist[22m in [1m1s[22m[39m
[36m
[1m./src/index.ts[22m → [1mdist/index.d.ts[22m...[39m
[32mcreated [1mdist/index.d.ts[22m in [1m1.4s[22m[39m
